# regcmp v0.1.0 captured 2026-06-17T21:20:05Z
# vector:        adc_inject_bringup_adc0_f1x0
# library:       gd-spl
# target:        gd32f1x0
# compiler:      arm-none-eabi-gcc (Arm GNU Toolchain 15.2.Rel1 (Build arm-15.86)) 15.2.1 20251203
# compile_flags: -Os -mcpu=cortex-m3 -mthumb -fno-common -ffreestanding -fno-builtin -std=gnu11 -Wall -ffunction-sections -fdata-sections -Wno-unused-but-set-variable -Wno-unused-variable -Wno-comment
# emulator:      unicorn 2.1.4 (UC_ARCH_ARM, UC_MODE_THUMB)
# emulation:     clean-exit (sentinel reached at instr 137)
# mode:          final_state
R4 <ADC0_BASE>+0x08 0x00000000   # CTL1
W4 <ADC0_BASE>+0x08 0x00000800   # CTL1
R4 <ADC0_BASE>+0x38 0x00000000   # ISQ
W4 <ADC0_BASE>+0x38 0x00000000   # ISQ
R4 <ADC0_BASE>+0x38 0x00000000   # ISQ
W4 <ADC0_BASE>+0x38 0x00100000   # ISQ
R4 <ADC0_BASE>+0x38 0x00100000   # ISQ
R4 <ADC0_BASE>+0x38 0x00100000   # ISQ
W4 <ADC0_BASE>+0x38 0x00101000   # ISQ
R4 <ADC0_BASE>+0x10 0x00000000   # SAMPT1
W4 <ADC0_BASE>+0x10 0x00001000   # SAMPT1
R4 <ADC0_BASE>+0x38 0x00101000   # ISQ
R4 <ADC0_BASE>+0x38 0x00101000   # ISQ
W4 <ADC0_BASE>+0x38 0x00129000   # ISQ
R4 <ADC0_BASE>+0x10 0x00001000   # SAMPT1
W4 <ADC0_BASE>+0x10 0x00009000   # SAMPT1
R4 <ADC0_BASE>+0x08 0x00000800   # CTL1
W4 <ADC0_BASE>+0x08 0x00000800   # CTL1
R4 <ADC0_BASE>+0x08 0x00000800   # CTL1
W4 <ADC0_BASE>+0x08 0x00001800   # CTL1
R4 <ADC0_BASE>+0x08 0x00001800   # CTL1
W4 <ADC0_BASE>+0x08 0x00009800   # CTL1
R4 <ADC0_BASE>+0x04 0x00000000   # CTL0
W4 <ADC0_BASE>+0x04 0x00000080   # CTL0
R4 <ADC0_BASE>+0x08 0x00009800   # CTL1
R4 <ADC0_BASE>+0x08 0x00009800   # CTL1
W4 <ADC0_BASE>+0x08 0x00009801   # CTL1
