# regcmp v0.1.0 captured 2026-06-20T11:23:44Z
# vector:        gpio_af_spi0_pins_f1x0
# library:       gd-spl
# target:        gd32f1x0
# compiler:      arm-none-eabi-gcc (Arm GNU Toolchain 15.2.Rel1 (Build arm-15.86)) 15.2.1 20251203
# compile_flags: -Os -mcpu=cortex-m3 -mthumb -fno-common -ffreestanding -fno-builtin -std=gnu11 -Wall -ffunction-sections -fdata-sections -Wno-unused-but-set-variable -Wno-unused-variable -Wno-comment
# emulator:      unicorn 2.1.4 (UC_ARCH_ARM, UC_MODE_THUMB)
# emulation:     clean-exit (sentinel reached at instr 534)
# mode:          final_state
R4 <GPIOA_BASE>+0x00 0x00000000   # CTL
R4 <GPIOA_BASE>+0x0C 0x00000000   # PUD
W4 <GPIOA_BASE>+0x00 0x0000A800   # CTL
W4 <GPIOA_BASE>+0x0C 0x00000000   # PUD
R4 <GPIOA_BASE>+0x20 0x00000000   # AFSEL0
R4 <GPIOA_BASE>+0x24 0x00000000   # AFSEL1
W4 <GPIOA_BASE>+0x20 0x00000000   # AFSEL0
W4 <GPIOA_BASE>+0x24 0x00000000   # AFSEL1
R4 <GPIOA_BASE>+0x04 0x00000000   # OMODE
W4 <GPIOA_BASE>+0x04 0x00000000   # OMODE
R4 <GPIOA_BASE>+0x08 0x00000000   # OSPD
W4 <GPIOA_BASE>+0x08 0x0000CC00   # OSPD
