# regcmp v0.1.0 captured 2026-06-20T09:27:53Z
# vector:        adc_dual_adc_simultaneous_f10x
# library:       gd-spl
# target:        gd32f10x
# compiler:      arm-none-eabi-gcc (Arm GNU Toolchain 15.2.Rel1 (Build arm-15.86)) 15.2.1 20251203
# compile_flags: -Os -mcpu=cortex-m3 -mthumb -fno-common -ffreestanding -fno-builtin -std=gnu11 -Wall -ffunction-sections -fdata-sections -Wno-unused-but-set-variable -Wno-unused-variable -Wno-comment
# emulator:      unicorn 2.1.4 (UC_ARCH_ARM, UC_MODE_THUMB)
# emulation:     clean-exit (sentinel reached at instr 256)
# mode:          final_state
R4 <ADC0_BASE>+0x04 0x00000000   # CTL0
W4 <ADC0_BASE>+0x04 0x00000000   # CTL0
R4 <ADC0_BASE>+0x08 0x00000000   # CTL1
W4 <ADC0_BASE>+0x08 0x00000000   # CTL1
R4 <ADC0_BASE>+0x08 0x00000000   # CTL1
W4 <ADC0_BASE>+0x08 0x00000000   # CTL1
R4 <ADC0_BASE>+0x2C 0x00000000   # RSQ0
W4 <ADC0_BASE>+0x2C 0x00000000   # RSQ0
R4 <ADC0_BASE>+0x2C 0x00000000   # RSQ0
W4 <ADC0_BASE>+0x2C 0x00000000   # RSQ0
R4 <ADC0_BASE>+0x34 0x00000000   # RSQ2
W4 <ADC0_BASE>+0x34 0x00000004   # RSQ2
R4 <ADC0_BASE>+0x10 0x00000000   # SAMPT1
W4 <ADC0_BASE>+0x10 0x00001000   # SAMPT1
R4 <ADC0_BASE>+0x08 0x00000000   # CTL1
W4 <ADC0_BASE>+0x08 0x00000000   # CTL1
R4 <ADC0_BASE>+0x08 0x00000000   # CTL1
W4 <ADC0_BASE>+0x08 0x000E0000   # CTL1
R4 <ADC0_BASE>+0x08 0x000E0000   # CTL1
W4 <ADC0_BASE>+0x08 0x001E0000   # CTL1
R4 <ADC0_BASE>+0x08 0x001E0000   # CTL1
R4 <ADC0_BASE>+0x08 0x001E0000   # CTL1
W4 <ADC0_BASE>+0x08 0x001E0001   # CTL1
R4 <ADC1_BASE>+0x04 0x00000000   # CTL0
W4 <ADC1_BASE>+0x04 0x00000000   # CTL0
R4 <ADC1_BASE>+0x08 0x00000000   # CTL1
W4 <ADC1_BASE>+0x08 0x00000000   # CTL1
R4 <ADC1_BASE>+0x08 0x00000000   # CTL1
W4 <ADC1_BASE>+0x08 0x00000000   # CTL1
R4 <ADC1_BASE>+0x2C 0x00000000   # RSQ0
W4 <ADC1_BASE>+0x2C 0x00000000   # RSQ0
R4 <ADC1_BASE>+0x2C 0x00000000   # RSQ0
W4 <ADC1_BASE>+0x2C 0x00000000   # RSQ0
R4 <ADC1_BASE>+0x34 0x00000000   # RSQ2
W4 <ADC1_BASE>+0x34 0x00000005   # RSQ2
R4 <ADC1_BASE>+0x10 0x00000000   # SAMPT1
W4 <ADC1_BASE>+0x10 0x00008000   # SAMPT1
R4 <ADC1_BASE>+0x08 0x00000000   # CTL1
W4 <ADC1_BASE>+0x08 0x00000000   # CTL1
R4 <ADC1_BASE>+0x08 0x00000000   # CTL1
W4 <ADC1_BASE>+0x08 0x000E0000   # CTL1
R4 <ADC1_BASE>+0x08 0x000E0000   # CTL1
W4 <ADC1_BASE>+0x08 0x001E0000   # CTL1
R4 <ADC1_BASE>+0x08 0x001E0000   # CTL1
R4 <ADC1_BASE>+0x08 0x001E0000   # CTL1
W4 <ADC1_BASE>+0x08 0x001E0001   # CTL1
R4 <ADC0_BASE>+0x04 0x00000000   # CTL0
W4 <ADC0_BASE>+0x04 0x00000000   # CTL0
R4 <ADC0_BASE>+0x04 0x00000000   # CTL0
W4 <ADC0_BASE>+0x04 0x00060000   # CTL0
