# regcmp v0.1.0 captured 2026-06-17T19:31:28Z
# vector:        adc_bringup_adc0_vrefint_f10x
# library:       gd-spl
# target:        gd32f10x
# compiler:      arm-none-eabi-gcc (Arm GNU Toolchain 15.2.Rel1 (Build arm-15.86)) 15.2.1 20251203
# compile_flags: -Os -mcpu=cortex-m3 -mthumb -fno-common -ffreestanding -fno-builtin -std=gnu11 -Wall -ffunction-sections -fdata-sections -Wno-unused-but-set-variable -Wno-unused-variable -Wno-comment
# emulator:      unicorn 2.1.4 (UC_ARCH_ARM, UC_MODE_THUMB)
# emulation:     clean-exit (sentinel reached at instr 134)
# mode:          final_state
R4 <ADC0_BASE>+0x04 0x00000000   # CTL0
W4 <ADC0_BASE>+0x04 0x00000000   # CTL0
R4 <ADC0_BASE>+0x08 0x00000000   # CTL1
W4 <ADC0_BASE>+0x08 0x00000000   # CTL1
R4 <ADC0_BASE>+0x08 0x00000000   # CTL1
W4 <ADC0_BASE>+0x08 0x00000000   # CTL1
R4 <ADC0_BASE>+0x2C 0x00000000   # RSQ0
W4 <ADC0_BASE>+0x2C 0x00000000   # RSQ0
R4 <ADC0_BASE>+0x2C 0x00000000   # RSQ0
W4 <ADC0_BASE>+0x2C 0x00000000   # RSQ0
R4 <ADC0_BASE>+0x34 0x00000000   # RSQ2
W4 <ADC0_BASE>+0x34 0x00000011   # RSQ2
R4 <ADC0_BASE>+0x0C 0x00000000   # SAMPT0
W4 <ADC0_BASE>+0x0C 0x00E00000   # SAMPT0
R4 <ADC0_BASE>+0x08 0x00000000   # CTL1
W4 <ADC0_BASE>+0x08 0x00800000   # CTL1
R4 <ADC0_BASE>+0x08 0x00800000   # CTL1
W4 <ADC0_BASE>+0x08 0x00800000   # CTL1
R4 <ADC0_BASE>+0x08 0x00800000   # CTL1
W4 <ADC0_BASE>+0x08 0x008E0000   # CTL1
R4 <ADC0_BASE>+0x08 0x008E0000   # CTL1
W4 <ADC0_BASE>+0x08 0x009E0000   # CTL1
R4 <ADC0_BASE>+0x08 0x009E0000   # CTL1
R4 <ADC0_BASE>+0x08 0x009E0000   # CTL1
W4 <ADC0_BASE>+0x08 0x009E0001   # CTL1
