# regcmp v0.1.0 captured 2026-06-17T18:08:50Z
# vector:        clock_tree_72m_irc8m_f10x
# library:       gd-spl
# target:        gd32f10x
# compiler:      arm-none-eabi-gcc (Arm GNU Toolchain 15.2.Rel1 (Build arm-15.86)) 15.2.1 20251203
# compile_flags: -Os -mcpu=cortex-m3 -mthumb -fno-common -ffreestanding -fno-builtin -std=gnu11 -Wall -ffunction-sections -fdata-sections -Wno-unused-but-set-variable -Wno-unused-variable -Wno-comment
# emulator:      unicorn 2.1.4 (UC_ARCH_ARM, UC_MODE_THUMB)
# emulation:     clean-exit (sentinel reached at instr 60)
# mode:          final_state
R4 <FMC_BASE>+0x00 0x00000000   # WS
W4 <FMC_BASE>+0x00 0x00000002   # WS
R4 <RCU_BASE>+0x00 0x02000002   # CTL
W4 <RCU_BASE>+0x00 0x02000003   # CTL
R4 <RCU_BASE>+0x00 0x02000003   # CTL
R4 <RCU_BASE>+0x04 0x00000008   # CFG0
W4 <RCU_BASE>+0x04 0x00000008   # CFG0
R4 <RCU_BASE>+0x04 0x00000008   # CFG0
W4 <RCU_BASE>+0x04 0x00000008   # CFG0
R4 <RCU_BASE>+0x04 0x00000008   # CFG0
W4 <RCU_BASE>+0x04 0x00000008   # CFG0
R4 <RCU_BASE>+0x04 0x00000008   # CFG0
W4 <RCU_BASE>+0x04 0x00000008   # CFG0
R4 <RCU_BASE>+0x04 0x00000008   # CFG0
W4 <RCU_BASE>+0x04 0x00000008   # CFG0
R4 <RCU_BASE>+0x04 0x00000008   # CFG0
W4 <RCU_BASE>+0x04 0x00000408   # CFG0
R4 <RCU_BASE>+0x04 0x00000408   # CFG0
W4 <RCU_BASE>+0x04 0x00000408   # CFG0
R4 <RCU_BASE>+0x04 0x00000408   # CFG0
W4 <RCU_BASE>+0x04 0x00000408   # CFG0
R4 <RCU_BASE>+0x04 0x00000408   # CFG0
W4 <RCU_BASE>+0x04 0x08040408   # CFG0
R4 <RCU_BASE>+0x00 0x02000003   # CTL
W4 <RCU_BASE>+0x00 0x03000003   # CTL
R4 <RCU_BASE>+0x00 0x03000003   # CTL
R4 <RCU_BASE>+0x04 0x08040408   # CFG0
W4 <RCU_BASE>+0x04 0x08040408   # CFG0
R4 <RCU_BASE>+0x04 0x08040408   # CFG0
W4 <RCU_BASE>+0x04 0x0804040A   # CFG0
R4 <RCU_BASE>+0x04 0x0804040A   # CFG0
