# regcmp v0.1.0 captured 2026-06-18T07:56:48Z
# vector:        gpio_af_timer0_gates_f10x
# library:       gd-spl
# target:        gd32f10x
# compiler:      arm-none-eabi-gcc (Arm GNU Toolchain 15.2.Rel1 (Build arm-15.86)) 15.2.1 20251203
# compile_flags: -Os -mcpu=cortex-m3 -mthumb -fno-common -ffreestanding -fno-builtin -std=gnu11 -Wall -ffunction-sections -fdata-sections -Wno-unused-but-set-variable -Wno-unused-variable -Wno-comment
# emulator:      unicorn 2.1.4 (UC_ARCH_ARM, UC_MODE_THUMB)
# emulation:     clean-exit (sentinel reached at instr 316)
# mode:          final_state
R4 <GPIOA_BASE>+0x04 0x44444444   # CTL1
W4 <GPIOA_BASE>+0x04 0x4444444B   # CTL1
R4 <GPIOA_BASE>+0x04 0x4444444B   # CTL1
W4 <GPIOA_BASE>+0x04 0x444444BB   # CTL1
R4 <GPIOA_BASE>+0x04 0x444444BB   # CTL1
W4 <GPIOA_BASE>+0x04 0x44444BBB   # CTL1
R4 <GPIOB_BASE>+0x04 0x44444444   # CTL1
W4 <GPIOB_BASE>+0x04 0x44B44444   # CTL1
R4 <GPIOB_BASE>+0x04 0x44B44444   # CTL1
W4 <GPIOB_BASE>+0x04 0x4BB44444   # CTL1
R4 <GPIOB_BASE>+0x04 0x4BB44444   # CTL1
W4 <GPIOB_BASE>+0x04 0xBBB44444   # CTL1
