# regcmp v0.1.0 captured 2026-06-17T18:50:11Z
# vector:        i2c_bringup_i2c0_100k_f10x
# library:       gd-spl
# target:        gd32f10x
# compiler:      arm-none-eabi-gcc (Arm GNU Toolchain 15.2.Rel1 (Build arm-15.86)) 15.2.1 20251203
# compile_flags: -Os -mcpu=cortex-m3 -mthumb -fno-common -ffreestanding -fno-builtin -std=gnu11 -Wall -ffunction-sections -fdata-sections -Wno-unused-but-set-variable -Wno-unused-variable -Wno-comment
# emulator:      unicorn 2.1.4 (UC_ARCH_ARM, UC_MODE_THUMB)
# emulation:     clean-exit (sentinel reached at instr 140)
# mode:          final_state
R4 <RCU_BASE>+0x04 0x001D0408   # CFG0
R4 <RCU_BASE>+0x04 0x001D0408   # CFG0
R4 <RCU_BASE>+0x04 0x001D0408   # CFG0
R4 <RCU_BASE>+0x04 0x001D0408   # CFG0
R4 <RCU_BASE>+0x04 0x001D0408   # CFG0
R4 <RCU_BASE>+0x04 0x001D0408   # CFG0
R4 <RCU_BASE>+0x04 0x001D0408   # CFG0
R4 <RCU_BASE>+0x04 0x001D0408   # CFG0
R4 <I2C0_BASE>+0x04 0x00000000   # CTL1
W4 <I2C0_BASE>+0x04 0x00000024   # CTL1
W4 <I2C0_BASE>+0x20 0x00000025   # RT
R4 <I2C0_BASE>+0x1C 0x00000000   # CKCFG
W4 <I2C0_BASE>+0x1C 0x000000B4   # CKCFG
R4 <I2C0_BASE>+0x00 0x00000000   # CTL0
W4 <I2C0_BASE>+0x00 0x00000000   # CTL0
W4 <I2C0_BASE>+0x08 0x00000024   # SADDR0
R4 <I2C0_BASE>+0x00 0x00000000   # CTL0
W4 <I2C0_BASE>+0x00 0x00000001   # CTL0
R4 <I2C0_BASE>+0x00 0x00000001   # CTL0
W4 <I2C0_BASE>+0x00 0x00000401   # CTL0
