# regcmp v0.1.0 captured 2026-06-17T21:20:05Z
# vector:        timer_trgo_trigger_timer0_f10x
# library:       gd-spl
# target:        gd32f10x
# compiler:      arm-none-eabi-gcc (Arm GNU Toolchain 15.2.Rel1 (Build arm-15.86)) 15.2.1 20251203
# compile_flags: -Os -mcpu=cortex-m3 -mthumb -fno-common -ffreestanding -fno-builtin -std=gnu11 -Wall -ffunction-sections -fdata-sections -Wno-unused-but-set-variable -Wno-unused-variable -Wno-comment
# emulator:      unicorn 2.1.4 (UC_ARCH_ARM, UC_MODE_THUMB)
# emulation:     clean-exit (sentinel reached at instr 51)
# mode:          final_state
R4 <TIMER0_BASE>+0x1C 0x00000000   # CHCTL1
W4 <TIMER0_BASE>+0x1C 0x00000000   # CHCTL1
R4 <TIMER0_BASE>+0x1C 0x00000000   # CHCTL1
W4 <TIMER0_BASE>+0x1C 0x00006000   # CHCTL1
R4 <TIMER0_BASE>+0x1C 0x00006000   # CHCTL1
W4 <TIMER0_BASE>+0x1C 0x00006000   # CHCTL1
R4 <TIMER0_BASE>+0x1C 0x00006000   # CHCTL1
W4 <TIMER0_BASE>+0x1C 0x00006800   # CHCTL1
W4 <TIMER0_BASE>+0x40 0x000008C9   # CH3CV
R4 <TIMER0_BASE>+0x04 0x00000000   # CTL1
W4 <TIMER0_BASE>+0x04 0x00000000   # CTL1
R4 <TIMER0_BASE>+0x04 0x00000000   # CTL1
W4 <TIMER0_BASE>+0x04 0x00000020   # CTL1
