# regcmp v0.1.0 captured 2026-06-17T20:55:02Z
# vector:        timer_pwm_bringup_timer0_f10x
# library:       gd-spl
# target:        gd32f10x
# compiler:      arm-none-eabi-gcc (Arm GNU Toolchain 15.2.Rel1 (Build arm-15.86)) 15.2.1 20251203
# compile_flags: -Os -mcpu=cortex-m3 -mthumb -fno-common -ffreestanding -fno-builtin -std=gnu11 -Wall -ffunction-sections -fdata-sections -Wno-unused-but-set-variable -Wno-unused-variable -Wno-comment
# emulator:      unicorn 2.1.4 (UC_ARCH_ARM, UC_MODE_THUMB)
# emulation:     clean-exit (sentinel reached at instr 376)
# mode:          final_state
W4 <TIMER0_BASE>+0x28 0x00000000   # PSC
R4 <TIMER0_BASE>+0x00 0x00000000   # CTL0
W4 <TIMER0_BASE>+0x00 0x00000000   # CTL0
R4 <TIMER0_BASE>+0x00 0x00000000   # CTL0
W4 <TIMER0_BASE>+0x00 0x00000040   # CTL0
R4 <TIMER0_BASE>+0x00 0x00000040   # CTL0
W4 <TIMER0_BASE>+0x00 0x00000040   # CTL0
W4 <TIMER0_BASE>+0x2C 0x000008CA   # CAR
R4 <TIMER0_BASE>+0x00 0x00000040   # CTL0
W4 <TIMER0_BASE>+0x00 0x00000040   # CTL0
R4 <TIMER0_BASE>+0x00 0x00000040   # CTL0
W4 <TIMER0_BASE>+0x00 0x00000140   # CTL0
W4 <TIMER0_BASE>+0x30 0x00000000   # CREP
R4 <TIMER0_BASE>+0x14 0x00000000   # SWEVG
W4 <TIMER0_BASE>+0x14 0x00000001   # SWEVG
R4 <TIMER0_BASE>+0x20 0x00000000   # CHCTL2
W4 <TIMER0_BASE>+0x20 0x00000000   # CHCTL2
R4 <TIMER0_BASE>+0x18 0x00000000   # CHCTL0
W4 <TIMER0_BASE>+0x18 0x00000000   # CHCTL0
R4 <TIMER0_BASE>+0x20 0x00000000   # CHCTL2
W4 <TIMER0_BASE>+0x20 0x00000001   # CHCTL2
R4 <TIMER0_BASE>+0x20 0x00000001   # CHCTL2
W4 <TIMER0_BASE>+0x20 0x00000001   # CHCTL2
R4 <TIMER0_BASE>+0x20 0x00000001   # CHCTL2
W4 <TIMER0_BASE>+0x20 0x00000001   # CHCTL2
R4 <TIMER0_BASE>+0x20 0x00000001   # CHCTL2
W4 <TIMER0_BASE>+0x20 0x00000001   # CHCTL2
R4 <TIMER0_BASE>+0x20 0x00000001   # CHCTL2
W4 <TIMER0_BASE>+0x20 0x00000005   # CHCTL2
R4 <TIMER0_BASE>+0x20 0x00000005   # CHCTL2
W4 <TIMER0_BASE>+0x20 0x00000005   # CHCTL2
R4 <TIMER0_BASE>+0x20 0x00000005   # CHCTL2
W4 <TIMER0_BASE>+0x20 0x0000000D   # CHCTL2
R4 <TIMER0_BASE>+0x04 0x00000000   # CTL1
W4 <TIMER0_BASE>+0x04 0x00000000   # CTL1
R4 <TIMER0_BASE>+0x04 0x00000000   # CTL1
W4 <TIMER0_BASE>+0x04 0x00000100   # CTL1
R4 <TIMER0_BASE>+0x04 0x00000100   # CTL1
W4 <TIMER0_BASE>+0x04 0x00000100   # CTL1
R4 <TIMER0_BASE>+0x04 0x00000100   # CTL1
W4 <TIMER0_BASE>+0x04 0x00000300   # CTL1
R4 <TIMER0_BASE>+0x18 0x00000000   # CHCTL0
W4 <TIMER0_BASE>+0x18 0x00000000   # CHCTL0
R4 <TIMER0_BASE>+0x18 0x00000000   # CHCTL0
W4 <TIMER0_BASE>+0x18 0x00000060   # CHCTL0
R4 <TIMER0_BASE>+0x18 0x00000060   # CHCTL0
W4 <TIMER0_BASE>+0x18 0x00000060   # CHCTL0
R4 <TIMER0_BASE>+0x18 0x00000060   # CHCTL0
W4 <TIMER0_BASE>+0x18 0x00000068   # CHCTL0
W4 <TIMER0_BASE>+0x34 0x00000000   # CH0CV
R4 <TIMER0_BASE>+0x20 0x0000000D   # CHCTL2
W4 <TIMER0_BASE>+0x20 0x0000000D   # CHCTL2
R4 <TIMER0_BASE>+0x18 0x00000068   # CHCTL0
W4 <TIMER0_BASE>+0x18 0x00000068   # CHCTL0
R4 <TIMER0_BASE>+0x20 0x0000000D   # CHCTL2
W4 <TIMER0_BASE>+0x20 0x0000001D   # CHCTL2
R4 <TIMER0_BASE>+0x20 0x0000001D   # CHCTL2
W4 <TIMER0_BASE>+0x20 0x0000001D   # CHCTL2
R4 <TIMER0_BASE>+0x20 0x0000001D   # CHCTL2
W4 <TIMER0_BASE>+0x20 0x0000001D   # CHCTL2
R4 <TIMER0_BASE>+0x20 0x0000001D   # CHCTL2
W4 <TIMER0_BASE>+0x20 0x0000001D   # CHCTL2
R4 <TIMER0_BASE>+0x20 0x0000001D   # CHCTL2
W4 <TIMER0_BASE>+0x20 0x0000005D   # CHCTL2
R4 <TIMER0_BASE>+0x20 0x0000005D   # CHCTL2
W4 <TIMER0_BASE>+0x20 0x0000005D   # CHCTL2
R4 <TIMER0_BASE>+0x20 0x0000005D   # CHCTL2
W4 <TIMER0_BASE>+0x20 0x000000DD   # CHCTL2
R4 <TIMER0_BASE>+0x04 0x00000300   # CTL1
W4 <TIMER0_BASE>+0x04 0x00000300   # CTL1
R4 <TIMER0_BASE>+0x04 0x00000300   # CTL1
W4 <TIMER0_BASE>+0x04 0x00000700   # CTL1
R4 <TIMER0_BASE>+0x04 0x00000700   # CTL1
W4 <TIMER0_BASE>+0x04 0x00000700   # CTL1
R4 <TIMER0_BASE>+0x04 0x00000700   # CTL1
W4 <TIMER0_BASE>+0x04 0x00000F00   # CTL1
R4 <TIMER0_BASE>+0x18 0x00000068   # CHCTL0
W4 <TIMER0_BASE>+0x18 0x00000068   # CHCTL0
R4 <TIMER0_BASE>+0x18 0x00000068   # CHCTL0
W4 <TIMER0_BASE>+0x18 0x00006068   # CHCTL0
R4 <TIMER0_BASE>+0x18 0x00006068   # CHCTL0
W4 <TIMER0_BASE>+0x18 0x00006068   # CHCTL0
R4 <TIMER0_BASE>+0x18 0x00006068   # CHCTL0
W4 <TIMER0_BASE>+0x18 0x00006868   # CHCTL0
W4 <TIMER0_BASE>+0x38 0x00000000   # CH1CV
R4 <TIMER0_BASE>+0x20 0x000000DD   # CHCTL2
W4 <TIMER0_BASE>+0x20 0x000000DD   # CHCTL2
R4 <TIMER0_BASE>+0x1C 0x00000000   # CHCTL1
W4 <TIMER0_BASE>+0x1C 0x00000000   # CHCTL1
R4 <TIMER0_BASE>+0x20 0x000000DD   # CHCTL2
W4 <TIMER0_BASE>+0x20 0x000001DD   # CHCTL2
R4 <TIMER0_BASE>+0x20 0x000001DD   # CHCTL2
W4 <TIMER0_BASE>+0x20 0x000001DD   # CHCTL2
R4 <TIMER0_BASE>+0x20 0x000001DD   # CHCTL2
W4 <TIMER0_BASE>+0x20 0x000001DD   # CHCTL2
R4 <TIMER0_BASE>+0x20 0x000001DD   # CHCTL2
W4 <TIMER0_BASE>+0x20 0x000001DD   # CHCTL2
R4 <TIMER0_BASE>+0x20 0x000001DD   # CHCTL2
W4 <TIMER0_BASE>+0x20 0x000005DD   # CHCTL2
R4 <TIMER0_BASE>+0x20 0x000005DD   # CHCTL2
W4 <TIMER0_BASE>+0x20 0x000005DD   # CHCTL2
R4 <TIMER0_BASE>+0x20 0x000005DD   # CHCTL2
W4 <TIMER0_BASE>+0x20 0x00000DDD   # CHCTL2
R4 <TIMER0_BASE>+0x04 0x00000F00   # CTL1
W4 <TIMER0_BASE>+0x04 0x00000F00   # CTL1
R4 <TIMER0_BASE>+0x04 0x00000F00   # CTL1
W4 <TIMER0_BASE>+0x04 0x00001F00   # CTL1
R4 <TIMER0_BASE>+0x04 0x00001F00   # CTL1
W4 <TIMER0_BASE>+0x04 0x00001F00   # CTL1
R4 <TIMER0_BASE>+0x04 0x00001F00   # CTL1
W4 <TIMER0_BASE>+0x04 0x00003F00   # CTL1
R4 <TIMER0_BASE>+0x1C 0x00000000   # CHCTL1
W4 <TIMER0_BASE>+0x1C 0x00000000   # CHCTL1
R4 <TIMER0_BASE>+0x1C 0x00000000   # CHCTL1
W4 <TIMER0_BASE>+0x1C 0x00000060   # CHCTL1
R4 <TIMER0_BASE>+0x1C 0x00000060   # CHCTL1
W4 <TIMER0_BASE>+0x1C 0x00000060   # CHCTL1
R4 <TIMER0_BASE>+0x1C 0x00000060   # CHCTL1
W4 <TIMER0_BASE>+0x1C 0x00000068   # CHCTL1
W4 <TIMER0_BASE>+0x3C 0x00000000   # CH2CV
R4 <TIMER0_BASE>+0x00 0x00000140   # CTL0
W4 <TIMER0_BASE>+0x00 0x000001C0   # CTL0
W4 <TIMER0_BASE>+0x44 0x00000C1C   # CCHP
