# regcmp v0.1.0 captured 2026-06-20T09:25:43Z
# vector:        timer_set_channel_outputs_timer0_f10x
# library:       gd-spl
# target:        gd32f10x
# compiler:      arm-none-eabi-gcc (Arm GNU Toolchain 15.2.Rel1 (Build arm-15.86)) 15.2.1 20251203
# compile_flags: -Os -mcpu=cortex-m3 -mthumb -fno-common -ffreestanding -fno-builtin -std=gnu11 -Wall -ffunction-sections -fdata-sections -Wno-unused-but-set-variable -Wno-unused-variable -Wno-comment
# emulator:      unicorn 2.1.4 (UC_ARCH_ARM, UC_MODE_THUMB)
# emulation:     clean-exit (sentinel reached at instr 206)
# mode:          final_state
R4 <TIMER0_BASE>+0x20 0x00000000   # CHCTL2
W4 <TIMER0_BASE>+0x20 0x00000000   # CHCTL2
R4 <TIMER0_BASE>+0x18 0x00000000   # CHCTL0
W4 <TIMER0_BASE>+0x18 0x00000000   # CHCTL0
R4 <TIMER0_BASE>+0x20 0x00000000   # CHCTL2
W4 <TIMER0_BASE>+0x20 0x00000001   # CHCTL2
R4 <TIMER0_BASE>+0x20 0x00000001   # CHCTL2
W4 <TIMER0_BASE>+0x20 0x00000001   # CHCTL2
R4 <TIMER0_BASE>+0x20 0x00000001   # CHCTL2
W4 <TIMER0_BASE>+0x20 0x00000001   # CHCTL2
R4 <TIMER0_BASE>+0x20 0x00000001   # CHCTL2
W4 <TIMER0_BASE>+0x20 0x00000001   # CHCTL2
R4 <TIMER0_BASE>+0x20 0x00000001   # CHCTL2
W4 <TIMER0_BASE>+0x20 0x00000005   # CHCTL2
R4 <TIMER0_BASE>+0x20 0x00000005   # CHCTL2
W4 <TIMER0_BASE>+0x20 0x00000005   # CHCTL2
R4 <TIMER0_BASE>+0x20 0x00000005   # CHCTL2
W4 <TIMER0_BASE>+0x20 0x0000000D   # CHCTL2
R4 <TIMER0_BASE>+0x04 0x00000000   # CTL1
W4 <TIMER0_BASE>+0x04 0x00000000   # CTL1
R4 <TIMER0_BASE>+0x04 0x00000000   # CTL1
W4 <TIMER0_BASE>+0x04 0x00000100   # CTL1
R4 <TIMER0_BASE>+0x04 0x00000100   # CTL1
W4 <TIMER0_BASE>+0x04 0x00000100   # CTL1
R4 <TIMER0_BASE>+0x04 0x00000100   # CTL1
W4 <TIMER0_BASE>+0x04 0x00000300   # CTL1
R4 <TIMER0_BASE>+0x20 0x0000000D   # CHCTL2
W4 <TIMER0_BASE>+0x20 0x0000000D   # CHCTL2
R4 <TIMER0_BASE>+0x18 0x00000000   # CHCTL0
W4 <TIMER0_BASE>+0x18 0x00000000   # CHCTL0
R4 <TIMER0_BASE>+0x20 0x0000000D   # CHCTL2
W4 <TIMER0_BASE>+0x20 0x0000001D   # CHCTL2
R4 <TIMER0_BASE>+0x20 0x0000001D   # CHCTL2
W4 <TIMER0_BASE>+0x20 0x0000001D   # CHCTL2
R4 <TIMER0_BASE>+0x20 0x0000001D   # CHCTL2
W4 <TIMER0_BASE>+0x20 0x0000001D   # CHCTL2
R4 <TIMER0_BASE>+0x20 0x0000001D   # CHCTL2
W4 <TIMER0_BASE>+0x20 0x0000001D   # CHCTL2
R4 <TIMER0_BASE>+0x20 0x0000001D   # CHCTL2
W4 <TIMER0_BASE>+0x20 0x0000005D   # CHCTL2
R4 <TIMER0_BASE>+0x20 0x0000005D   # CHCTL2
W4 <TIMER0_BASE>+0x20 0x0000005D   # CHCTL2
R4 <TIMER0_BASE>+0x20 0x0000005D   # CHCTL2
W4 <TIMER0_BASE>+0x20 0x000000DD   # CHCTL2
R4 <TIMER0_BASE>+0x04 0x00000300   # CTL1
W4 <TIMER0_BASE>+0x04 0x00000300   # CTL1
R4 <TIMER0_BASE>+0x04 0x00000300   # CTL1
W4 <TIMER0_BASE>+0x04 0x00000700   # CTL1
R4 <TIMER0_BASE>+0x04 0x00000700   # CTL1
W4 <TIMER0_BASE>+0x04 0x00000700   # CTL1
R4 <TIMER0_BASE>+0x04 0x00000700   # CTL1
W4 <TIMER0_BASE>+0x04 0x00000F00   # CTL1
R4 <TIMER0_BASE>+0x20 0x000000DD   # CHCTL2
W4 <TIMER0_BASE>+0x20 0x000000DD   # CHCTL2
R4 <TIMER0_BASE>+0x1C 0x00000000   # CHCTL1
W4 <TIMER0_BASE>+0x1C 0x00000000   # CHCTL1
R4 <TIMER0_BASE>+0x20 0x000000DD   # CHCTL2
W4 <TIMER0_BASE>+0x20 0x000001DD   # CHCTL2
R4 <TIMER0_BASE>+0x20 0x000001DD   # CHCTL2
W4 <TIMER0_BASE>+0x20 0x000001DD   # CHCTL2
R4 <TIMER0_BASE>+0x20 0x000001DD   # CHCTL2
W4 <TIMER0_BASE>+0x20 0x000001DD   # CHCTL2
R4 <TIMER0_BASE>+0x20 0x000001DD   # CHCTL2
W4 <TIMER0_BASE>+0x20 0x000001DD   # CHCTL2
R4 <TIMER0_BASE>+0x20 0x000001DD   # CHCTL2
W4 <TIMER0_BASE>+0x20 0x000005DD   # CHCTL2
R4 <TIMER0_BASE>+0x20 0x000005DD   # CHCTL2
W4 <TIMER0_BASE>+0x20 0x000005DD   # CHCTL2
R4 <TIMER0_BASE>+0x20 0x000005DD   # CHCTL2
W4 <TIMER0_BASE>+0x20 0x00000DDD   # CHCTL2
R4 <TIMER0_BASE>+0x04 0x00000F00   # CTL1
W4 <TIMER0_BASE>+0x04 0x00000F00   # CTL1
R4 <TIMER0_BASE>+0x04 0x00000F00   # CTL1
W4 <TIMER0_BASE>+0x04 0x00001F00   # CTL1
R4 <TIMER0_BASE>+0x04 0x00001F00   # CTL1
W4 <TIMER0_BASE>+0x04 0x00001F00   # CTL1
R4 <TIMER0_BASE>+0x04 0x00001F00   # CTL1
W4 <TIMER0_BASE>+0x04 0x00003F00   # CTL1
R4 <TIMER0_BASE>+0x20 0x00000DDD   # CHCTL2
W4 <TIMER0_BASE>+0x20 0x00000DCD   # CHCTL2
R4 <TIMER0_BASE>+0x20 0x00000DCD   # CHCTL2
W4 <TIMER0_BASE>+0x20 0x00000DCD   # CHCTL2
R4 <TIMER0_BASE>+0x20 0x00000DCD   # CHCTL2
W4 <TIMER0_BASE>+0x20 0x00000D8D   # CHCTL2
R4 <TIMER0_BASE>+0x20 0x00000D8D   # CHCTL2
W4 <TIMER0_BASE>+0x20 0x00000D8D   # CHCTL2
