# regcmp v0.1.0 captured 2026-06-17T16:53:32Z
# vector:        usart_bringup_usart1_115200_8n1_f10x
# library:       gd-spl
# target:        gd32f10x
# compiler:      arm-none-eabi-gcc (Arm GNU Toolchain 15.2.Rel1 (Build arm-15.86)) 15.2.1 20251203
# compile_flags: -Os -mcpu=cortex-m3 -mthumb -fno-common -ffreestanding -fno-builtin -std=gnu11 -Wall -ffunction-sections -fdata-sections -Wno-unused-but-set-variable -Wno-unused-variable -Wno-comment
# emulator:      unicorn 2.1.4 (UC_ARCH_ARM, UC_MODE_THUMB)
# emulation:     clean-exit (sentinel reached at instr 151)
# mode:          final_state
R4 <USART1_BASE>+0x0C 0x00000000   # CTL0
W4 <USART1_BASE>+0x0C 0x00000000   # CTL0
R4 <RCU_BASE>+0x04 0x001D0408
R4 <RCU_BASE>+0x04 0x001D0408
R4 <RCU_BASE>+0x04 0x001D0408
R4 <RCU_BASE>+0x04 0x001D0408
R4 <RCU_BASE>+0x04 0x001D0408
R4 <RCU_BASE>+0x04 0x001D0408
R4 <RCU_BASE>+0x04 0x001D0408
R4 <RCU_BASE>+0x04 0x001D0408
W4 <USART1_BASE>+0x08 0x00000139   # BAUD
R4 <USART1_BASE>+0x0C 0x00000000   # CTL0
W4 <USART1_BASE>+0x0C 0x00000000   # CTL0
R4 <USART1_BASE>+0x0C 0x00000000   # CTL0
W4 <USART1_BASE>+0x0C 0x00000000   # CTL0
R4 <USART1_BASE>+0x10 0x00000000   # CTL1
W4 <USART1_BASE>+0x10 0x00000000   # CTL1
R4 <USART1_BASE>+0x10 0x00000000   # CTL1
W4 <USART1_BASE>+0x10 0x00000000   # CTL1
R4 <USART1_BASE>+0x0C 0x00000000   # CTL0
W4 <USART1_BASE>+0x0C 0x00000000   # CTL0
R4 <USART1_BASE>+0x0C 0x00000000   # CTL0
W4 <USART1_BASE>+0x0C 0x00000000   # CTL0
R4 <USART1_BASE>+0x0C 0x00000000   # CTL0
W4 <USART1_BASE>+0x0C 0x00000008   # CTL0
R4 <USART1_BASE>+0x0C 0x00000008   # CTL0
W4 <USART1_BASE>+0x0C 0x0000000C   # CTL0
R4 <USART1_BASE>+0x0C 0x0000000C   # CTL0
W4 <USART1_BASE>+0x0C 0x0000200C   # CTL0
