# regcmp v0.1.0 captured 2026-06-17T19:09:26Z
# vector:        spi_transfer_loopback_f1x0
# library:       runtime-hal
# target:        gd32f1x0
# compiler:      rustc 1.96.0 (ac68faa20 2026-05-25)
# compile_flags: cargo build --release --target thumbv7m-none-eabi
# emulator:      unicorn 2.1.4 (UC_ARCH_ARM, UC_MODE_THUMB)
# emulation:     clean-exit (sentinel reached at instr 137)
# mode:          with_polling
R4 <SPI0_BASE>+0x00 0x00000000   # CTL0
W4 <SPI0_BASE>+0x00 0x00000334   # CTL0
R4 <SPI0_BASE>+0x1C 0x00000000   # I2SCTL
W4 <SPI0_BASE>+0x1C 0x00000000   # I2SCTL
R4 <SPI0_BASE>+0x00 0x00000334   # CTL0
W4 <SPI0_BASE>+0x00 0x00000374   # CTL0
R4 <SPI0_BASE>+0x08 0x00000002   # STAT
W4 <SPI0_BASE>+0x0C 0x000000A5   # DATA
R4 <SPI0_BASE>+0x08 0x00000001   # STAT
R4 <SPI0_BASE>+0x0C 0x000000A5   # DATA
R4 <SPI0_BASE>+0x08 0x00000002   # STAT
W4 <SPI0_BASE>+0x0C 0x0000005A   # DATA
R4 <SPI0_BASE>+0x08 0x00000001   # STAT
R4 <SPI0_BASE>+0x0C 0x0000005A   # DATA
