# regcmp v0.1.0 captured 2026-07-22T20:54:19Z
# vector:        i2c_transfer_whoami_f10x
# library:       runtime-hal
# target:        gd32f10x
# compiler:      rustc 1.96.0 (ac68faa20 2026-05-25)
# compile_flags: cargo build --release --target thumbv7m-none-eabi
# emulator:      unicorn 2.1.4 (UC_ARCH_ARM, UC_MODE_THUMB)
# emulation:     clean-exit (sentinel reached at instr 9724)
# mode:          with_polling
R4 <RCU_BASE>+0x18 0x00000000   # APB2EN
W4 <RCU_BASE>+0x18 0x00000008   # APB2EN
R4 <RCU_BASE>+0x1C 0x00000000   # APB1EN
W4 <RCU_BASE>+0x1C 0x00200000   # APB1EN
R4 <GPIOB_BASE>+0x00 0x44444444   # CTL0
W4 <GPIOB_BASE>+0x00 0x47444444   # CTL0
R4 <GPIOB_BASE>+0x00 0x47444444   # CTL0
W4 <GPIOB_BASE>+0x00 0x77444444   # CTL0
W4 <GPIOB_BASE>+0x10 0x00000040
W4 <GPIOB_BASE>+0x10 0x00000080
R4 <GPIOB_BASE>+0x08 0x00000000
R4 <GPIOB_BASE>+0x08 0x00000000
W4 <GPIOB_BASE>+0x10 0x00400000
W4 <GPIOB_BASE>+0x10 0x00000040
R4 <GPIOB_BASE>+0x08 0x00000000
W4 <GPIOB_BASE>+0x10 0x00400000
W4 <GPIOB_BASE>+0x10 0x00000040
R4 <GPIOB_BASE>+0x08 0x00000000
W4 <GPIOB_BASE>+0x10 0x00400000
W4 <GPIOB_BASE>+0x10 0x00000040
R4 <GPIOB_BASE>+0x08 0x00000000
W4 <GPIOB_BASE>+0x10 0x00400000
W4 <GPIOB_BASE>+0x10 0x00000040
R4 <GPIOB_BASE>+0x08 0x00000000
W4 <GPIOB_BASE>+0x10 0x00400000
W4 <GPIOB_BASE>+0x10 0x00000040
R4 <GPIOB_BASE>+0x08 0x00000000
W4 <GPIOB_BASE>+0x10 0x00400000
W4 <GPIOB_BASE>+0x10 0x00000040
R4 <GPIOB_BASE>+0x08 0x00000000
W4 <GPIOB_BASE>+0x10 0x00400000
W4 <GPIOB_BASE>+0x10 0x00000040
R4 <GPIOB_BASE>+0x08 0x00000000
W4 <GPIOB_BASE>+0x10 0x00400000
W4 <GPIOB_BASE>+0x10 0x00000040
R4 <GPIOB_BASE>+0x08 0x00000000
W4 <GPIOB_BASE>+0x10 0x00400000
W4 <GPIOB_BASE>+0x10 0x00000040
W4 <GPIOB_BASE>+0x10 0x00000040
W4 <GPIOB_BASE>+0x10 0x00800000
W4 <GPIOB_BASE>+0x10 0x00000080
R4 <GPIOB_BASE>+0x00 0x77444444   # CTL0
W4 <GPIOB_BASE>+0x00 0x7F444444   # CTL0
R4 <GPIOB_BASE>+0x00 0x7F444444   # CTL0
W4 <GPIOB_BASE>+0x00 0xFF444444   # CTL0
R4 <I2C0_BASE>+0x04 0x00000000   # CTL1
W4 <I2C0_BASE>+0x04 0x00000024   # CTL1
W4 <I2C0_BASE>+0x20 0x00000025   # RT
W4 <I2C0_BASE>+0x1C 0x000000B4   # CKCFG
R4 <I2C0_BASE>+0x00 0x00000000   # CTL0
W4 <I2C0_BASE>+0x00 0x00000000   # CTL0
W4 <I2C0_BASE>+0x08 0x00000024   # SADDR0
R4 <I2C0_BASE>+0x00 0x00000000   # CTL0
W4 <I2C0_BASE>+0x00 0x00000001   # CTL0
R4 <I2C0_BASE>+0x00 0x00000001   # CTL0
W4 <I2C0_BASE>+0x00 0x00000401   # CTL0
R4 <I2C0_BASE>+0x18 0x00000000   # STAT1
R4 <I2C0_BASE>+0x00 0x00000401   # CTL0
W4 <I2C0_BASE>+0x00 0x00000401   # CTL0
R4 <I2C0_BASE>+0x00 0x00000401   # CTL0
W4 <I2C0_BASE>+0x00 0x00000501   # CTL0
R4 <I2C0_BASE>+0x14 0x00000001   # STAT0
W4 <I2C0_BASE>+0x10 0x000000D0   # DATA
R4 <I2C0_BASE>+0x14 0x00000002   # STAT0
R4 <I2C0_BASE>+0x14 0x00000002   # STAT0
R4 <I2C0_BASE>+0x18 0x00000000   # STAT1
R4 <I2C0_BASE>+0x14 0x00000080   # STAT0
W4 <I2C0_BASE>+0x10 0x00000075   # DATA
R4 <I2C0_BASE>+0x14 0x00000004   # STAT0
R4 <I2C0_BASE>+0x00 0x00000501   # CTL0
W4 <I2C0_BASE>+0x00 0x00000501   # CTL0
R4 <I2C0_BASE>+0x00 0x00000501   # CTL0
W4 <I2C0_BASE>+0x00 0x00000501   # CTL0
R4 <I2C0_BASE>+0x14 0x00000001   # STAT0
W4 <I2C0_BASE>+0x10 0x000000D1   # DATA
R4 <I2C0_BASE>+0x00 0x00000501   # CTL0
W4 <I2C0_BASE>+0x00 0x00000101   # CTL0
R4 <I2C0_BASE>+0x14 0x00000002   # STAT0
R4 <I2C0_BASE>+0x14 0x00000002   # STAT0
R4 <I2C0_BASE>+0x18 0x00000000   # STAT1
R4 <I2C0_BASE>+0x00 0x00000101   # CTL0
W4 <I2C0_BASE>+0x00 0x00000301   # CTL0
R4 <I2C0_BASE>+0x14 0x00000040   # STAT0
R4 <I2C0_BASE>+0x10 0x000000D1   # DATA
R4 <I2C0_BASE>+0x00 0x00000301   # CTL0
W4 <I2C0_BASE>+0x00 0x00000701   # CTL0
